<?xml version="1.0" encoding="UTF-8"?>
<testsuite xmlns:xsi="http://www.w3.org/2001/XMLSchema-instance" xsi:noNamespaceSchemaLocation="https://maven.apache.org/surefire/maven-surefire-plugin/xsd/surefire-test-report.xsd" name="com.pokemonteambuilder.app.AppTest" time="0.013" tests="1" errors="0" skipped="0" failures="0">
  <properties>
    <property name="java.specification.version" value="19"/>
    <property name="sun.jnu.encoding" value="UTF-8"/>
    <property name="java.class.path" value="/Users/kristianroopnarine/Desktop/Github/TeamBuilder/team-builder/target/test-classes:/Users/kristianroopnarine/Desktop/Github/TeamBuilder/team-builder/target/classes:/Users/kristianroopnarine/.m2/repository/junit/junit/4.11/junit-4.11.jar:/Users/kristianroopnarine/.m2/repository/org/hamcrest/hamcrest-core/1.3/hamcrest-core-1.3.jar:/Users/kristianroopnarine/.m2/repository/net/sourceforge/htmlunit/htmlunit/2.69.0/htmlunit-2.69.0.jar:/Users/kristianroopnarine/.m2/repository/org/apache/httpcomponents/httpmime/4.5.14/httpmime-4.5.14.jar:/Users/kristianroopnarine/.m2/repository/org/apache/httpcomponents/httpclient/4.5.14/httpclient-4.5.14.jar:/Users/kristianroopnarine/.m2/repository/org/apache/httpcomponents/httpcore/4.4.16/httpcore-4.4.16.jar:/Users/kristianroopnarine/.m2/repository/net/sourceforge/htmlunit/htmlunit-core-js/2.69.0/htmlunit-core-js-2.69.0.jar:/Users/kristianroopnarine/.m2/repository/net/sourceforge/htmlunit/neko-htmlunit/2.69.0/neko-htmlunit-2.69.0.jar:/Users/kristianroopnarine/.m2/repository/net/sourceforge/htmlunit/htmlunit-cssparser/1.13.0/htmlunit-cssparser-1.13.0.jar:/Users/kristianroopnarine/.m2/repository/net/sourceforge/htmlunit/htmlunit-xpath/2.69.0/htmlunit-xpath-2.69.0.jar:/Users/kristianroopnarine/.m2/repository/org/apache/commons/commons-lang3/3.12.0/commons-lang3-3.12.0.jar:/Users/kristianroopnarine/.m2/repository/org/apache/commons/commons-text/1.10.0/commons-text-1.10.0.jar:/Users/kristianroopnarine/.m2/repository/commons-io/commons-io/2.10.0/commons-io-2.10.0.jar:/Users/kristianroopnarine/.m2/repository/commons-logging/commons-logging/1.2/commons-logging-1.2.jar:/Users/kristianroopnarine/.m2/repository/commons-net/commons-net/3.9.0/commons-net-3.9.0.jar:/Users/kristianroopnarine/.m2/repository/commons-codec/commons-codec/1.15/commons-codec-1.15.jar:/Users/kristianroopnarine/.m2/repository/org/brotli/dec/0.1.2/dec-0.1.2.jar:/Users/kristianroopnarine/.m2/repository/com/shapesecurity/salvation2/3.0.1/salvation2-3.0.1.jar:/Users/kristianroopnarine/.m2/repository/org/eclipse/jetty/websocket/websocket-client/9.4.50.v20221201/websocket-client-9.4.50.v20221201.jar:/Users/kristianroopnarine/.m2/repository/org/eclipse/jetty/jetty-client/9.4.50.v20221201/jetty-client-9.4.50.v20221201.jar:/Users/kristianroopnarine/.m2/repository/org/eclipse/jetty/jetty-http/9.4.50.v20221201/jetty-http-9.4.50.v20221201.jar:/Users/kristianroopnarine/.m2/repository/org/eclipse/jetty/jetty-util/9.4.50.v20221201/jetty-util-9.4.50.v20221201.jar:/Users/kristianroopnarine/.m2/repository/org/eclipse/jetty/jetty-io/9.4.50.v20221201/jetty-io-9.4.50.v20221201.jar:/Users/kristianroopnarine/.m2/repository/org/eclipse/jetty/websocket/websocket-common/9.4.50.v20221201/websocket-common-9.4.50.v20221201.jar:/Users/kristianroopnarine/.m2/repository/org/eclipse/jetty/websocket/websocket-api/9.4.50.v20221201/websocket-api-9.4.50.v20221201.jar:"/>
    <property name="java.vm.vendor" value="Homebrew"/>
    <property name="sun.arch.data.model" value="64"/>
    <property name="java.vendor.url" value="https://github.com/Homebrew/homebrew-core/issues"/>
    <property name="os.name" value="Mac OS X"/>
    <property name="java.vm.specification.version" value="19"/>
    <property name="sun.java.launcher" value="SUN_STANDARD"/>
    <property name="user.country" value="US"/>
    <property name="sun.boot.library.path" value="/opt/homebrew/Cellar/openjdk/19.0.1/libexec/openjdk.jdk/Contents/Home/lib"/>
    <property name="sun.java.command" value="/Users/kristianroopnarine/Desktop/Github/TeamBuilder/team-builder/target/surefire/surefirebooter446655586285132262.jar /Users/kristianroopnarine/Desktop/Github/TeamBuilder/team-builder/target/surefire 2023-01-15T13-10-07_408-jvmRun1 surefire7185406568622346494tmp surefire_015264928390658082049tmp"/>
    <property name="http.nonProxyHosts" value="local|*.local|169.254/16|*.169.254/16"/>
    <property name="jdk.debug" value="release"/>
    <property name="surefire.test.class.path" value="/Users/kristianroopnarine/Desktop/Github/TeamBuilder/team-builder/target/test-classes:/Users/kristianroopnarine/Desktop/Github/TeamBuilder/team-builder/target/classes:/Users/kristianroopnarine/.m2/repository/junit/junit/4.11/junit-4.11.jar:/Users/kristianroopnarine/.m2/repository/org/hamcrest/hamcrest-core/1.3/hamcrest-core-1.3.jar:/Users/kristianroopnarine/.m2/repository/net/sourceforge/htmlunit/htmlunit/2.69.0/htmlunit-2.69.0.jar:/Users/kristianroopnarine/.m2/repository/org/apache/httpcomponents/httpmime/4.5.14/httpmime-4.5.14.jar:/Users/kristianroopnarine/.m2/repository/org/apache/httpcomponents/httpclient/4.5.14/httpclient-4.5.14.jar:/Users/kristianroopnarine/.m2/repository/org/apache/httpcomponents/httpcore/4.4.16/httpcore-4.4.16.jar:/Users/kristianroopnarine/.m2/repository/net/sourceforge/htmlunit/htmlunit-core-js/2.69.0/htmlunit-core-js-2.69.0.jar:/Users/kristianroopnarine/.m2/repository/net/sourceforge/htmlunit/neko-htmlunit/2.69.0/neko-htmlunit-2.69.0.jar:/Users/kristianroopnarine/.m2/repository/net/sourceforge/htmlunit/htmlunit-cssparser/1.13.0/htmlunit-cssparser-1.13.0.jar:/Users/kristianroopnarine/.m2/repository/net/sourceforge/htmlunit/htmlunit-xpath/2.69.0/htmlunit-xpath-2.69.0.jar:/Users/kristianroopnarine/.m2/repository/org/apache/commons/commons-lang3/3.12.0/commons-lang3-3.12.0.jar:/Users/kristianroopnarine/.m2/repository/org/apache/commons/commons-text/1.10.0/commons-text-1.10.0.jar:/Users/kristianroopnarine/.m2/repository/commons-io/commons-io/2.10.0/commons-io-2.10.0.jar:/Users/kristianroopnarine/.m2/repository/commons-logging/commons-logging/1.2/commons-logging-1.2.jar:/Users/kristianroopnarine/.m2/repository/commons-net/commons-net/3.9.0/commons-net-3.9.0.jar:/Users/kristianroopnarine/.m2/repository/commons-codec/commons-codec/1.15/commons-codec-1.15.jar:/Users/kristianroopnarine/.m2/repository/org/brotli/dec/0.1.2/dec-0.1.2.jar:/Users/kristianroopnarine/.m2/repository/com/shapesecurity/salvation2/3.0.1/salvation2-3.0.1.jar:/Users/kristianroopnarine/.m2/repository/org/eclipse/jetty/websocket/websocket-client/9.4.50.v20221201/websocket-client-9.4.50.v20221201.jar:/Users/kristianroopnarine/.m2/repository/org/eclipse/jetty/jetty-client/9.4.50.v20221201/jetty-client-9.4.50.v20221201.jar:/Users/kristianroopnarine/.m2/repository/org/eclipse/jetty/jetty-http/9.4.50.v20221201/jetty-http-9.4.50.v20221201.jar:/Users/kristianroopnarine/.m2/repository/org/eclipse/jetty/jetty-util/9.4.50.v20221201/jetty-util-9.4.50.v20221201.jar:/Users/kristianroopnarine/.m2/repository/org/eclipse/jetty/jetty-io/9.4.50.v20221201/jetty-io-9.4.50.v20221201.jar:/Users/kristianroopnarine/.m2/repository/org/eclipse/jetty/websocket/websocket-common/9.4.50.v20221201/websocket-common-9.4.50.v20221201.jar:/Users/kristianroopnarine/.m2/repository/org/eclipse/jetty/websocket/websocket-api/9.4.50.v20221201/websocket-api-9.4.50.v20221201.jar:"/>
    <property name="sun.cpu.endian" value="little"/>
    <property name="user.home" value="/Users/kristianroopnarine"/>
    <property name="user.language" value="en"/>
    <property name="java.specification.vendor" value="Oracle Corporation"/>
    <property name="java.version.date" value="2022-10-18"/>
    <property name="java.home" value="/opt/homebrew/Cellar/openjdk/19.0.1/libexec/openjdk.jdk/Contents/Home"/>
    <property name="file.separator" value="/"/>
    <property name="basedir" value="/Users/kristianroopnarine/Desktop/Github/TeamBuilder/team-builder"/>
    <property name="java.vm.compressedOopsMode" value="Zero based"/>
    <property name="line.separator" value="&#10;"/>
    <property name="java.vm.specification.vendor" value="Oracle Corporation"/>
    <property name="java.specification.name" value="Java Platform API Specification"/>
    <property name="apple.awt.application.name" value="ForkedBooter"/>
    <property name="surefire.real.class.path" value="/Users/kristianroopnarine/Desktop/Github/TeamBuilder/team-builder/target/surefire/surefirebooter446655586285132262.jar"/>
    <property name="sun.management.compiler" value="HotSpot 64-Bit Tiered Compilers"/>
    <property name="ftp.nonProxyHosts" value="local|*.local|169.254/16|*.169.254/16"/>
    <property name="java.runtime.version" value="19.0.1"/>
    <property name="user.name" value="kristianroopnarine"/>
    <property name="stdout.encoding" value="UTF-8"/>
    <property name="path.separator" value=":"/>
    <property name="os.version" value="12.6"/>
    <property name="java.runtime.name" value="OpenJDK Runtime Environment"/>
    <property name="file.encoding" value="UTF-8"/>
    <property name="java.vm.name" value="OpenJDK 64-Bit Server VM"/>
    <property name="java.vendor.version" value="Homebrew"/>
    <property name="localRepository" value="/Users/kristianroopnarine/.m2/repository"/>
    <property name="java.vendor.url.bug" value="https://github.com/Homebrew/homebrew-core/issues"/>
    <property name="java.io.tmpdir" value="/var/folders/fq/p0v4mh5n2lgdsxkm8n9zq6jh0000gn/T/"/>
    <property name="java.version" value="19.0.1"/>
    <property name="user.dir" value="/Users/kristianroopnarine/Desktop/Github/TeamBuilder/team-builder"/>
    <property name="os.arch" value="aarch64"/>
    <property name="java.vm.specification.name" value="Java Virtual Machine Specification"/>
    <property name="native.encoding" value="UTF-8"/>
    <property name="java.library.path" value="/Users/kristianroopnarine/Library/Java/Extensions:/Library/Java/Extensions:/Network/Library/Java/Extensions:/System/Library/Java/Extensions:/usr/lib/java:."/>
    <property name="java.vm.info" value="mixed mode, sharing"/>
    <property name="stderr.encoding" value="UTF-8"/>
    <property name="java.vendor" value="Homebrew"/>
    <property name="java.vm.version" value="19.0.1"/>
    <property name="sun.io.unicode.encoding" value="UnicodeBig"/>
    <property name="socksNonProxyHosts" value="local|*.local|169.254/16|*.169.254/16"/>
    <property name="java.class.version" value="63.0"/>
  </properties>
  <testcase name="shouldAnswerWithTrue" classname="com.pokemonteambuilder.app.AppTest" time="0.001"/>
</testsuite>